Flow report for temprature
Sat Aug 13 10:35:42 2022
Quartus Prime Version 18.1.0 Build 625 09/12/2018 SJ Standard Edition


---------------------
; Table of Contents ;
---------------------
  1. Legal Notice
  2. Flow Summary
  3. Flow Settings
  4. Flow Non-Default Global Settings
  5. Flow Elapsed Time
  6. Flow OS Summary
  7. Flow Log
  8. Flow Messages
  9. Flow Suppressed Messages



----------------
; Legal Notice ;
----------------
Copyright (C) 2018  Intel Corporation. All rights reserved.
Your use of Intel Corporation's design tools, logic functions 
and other software and tools, and its AMPP partner logic 
functions, and any output files from any of the foregoing 
(including device programming or simulation files), and any 
associated documentation or information are expressly subject 
to the terms and conditions of the Intel Program License 
Subscription Agreement, the Intel Quartus Prime License Agreement,
the Intel FPGA IP License Agreement, or other applicable license
agreement, including, without limitation, that your use is for
the sole purpose of programming logic devices manufactured by
Intel and sold by Intel or its authorized distributors.  Please
refer to the applicable agreement for further details.



+--------------------------------------------------------------------------------------+
; Flow Summary                                                                         ;
+------------------------------------+-------------------------------------------------+
; Flow Status                        ; Successful - Sat Aug 13 10:35:37 2022           ;
; Quartus Prime Version              ; 18.1.0 Build 625 09/12/2018 SJ Standard Edition ;
; Revision Name                      ; temprature                                      ;
; Top-level Entity Name              ; temp_top                                        ;
; Family                             ; Cyclone IV E                                    ;
; Device                             ; EP4CE6F17C8                                     ;
; Timing Models                      ; Final                                           ;
; Total logic elements               ; 1,745 / 6,272 ( 28 % )                          ;
;     Total combinational functions  ; 1,736 / 6,272 ( 28 % )                          ;
;     Dedicated logic registers      ; 142 / 6,272 ( 2 % )                             ;
; Total registers                    ; 142                                             ;
; Total pins                         ; 20 / 180 ( 11 % )                               ;
; Total virtual pins                 ; 0                                               ;
; Total memory bits                  ; 0 / 276,480 ( 0 % )                             ;
; Embedded Multiplier 9-bit elements ; 0 / 30 ( 0 % )                                  ;
; Total PLLs                         ; 0 / 2 ( 0 % )                                   ;
+------------------------------------+-------------------------------------------------+


+-----------------------------------------+
; Flow Settings                           ;
+-------------------+---------------------+
; Option            ; Setting             ;
+-------------------+---------------------+
; Start date & time ; 08/12/2022 13:58:55 ;
; Main task         ; Compilation         ;
; Revision Name     ; temprature          ;
+-------------------+---------------------+


+-------------------------------------------------------------------------------------------------------------------------+
; Flow Non-Default Global Settings                                                                                        ;
+-------------------------------------+----------------------------------------+---------------+-------------+------------+
; Assignment Name                     ; Value                                  ; Default Value ; Entity Name ; Section Id ;
+-------------------------------------+----------------------------------------+---------------+-------------+------------+
; COMPILER_SIGNATURE_ID               ; 26601946840139.166028393502060         ; --            ; --          ; --         ;
; MAX_CORE_JUNCTION_TEMP              ; 85                                     ; --            ; --          ; --         ;
; MIN_CORE_JUNCTION_TEMP              ; 0                                      ; --            ; --          ; --         ;
; NOMINAL_CORE_SUPPLY_VOLTAGE         ; 1.2V                                   ; --            ; --          ; --         ;
; OUTPUT_IO_TIMING_FAR_END_VMEAS      ; Half Signal Swing                      ; --            ; --          ; --         ;
; OUTPUT_IO_TIMING_FAR_END_VMEAS      ; Half Signal Swing                      ; --            ; --          ; --         ;
; OUTPUT_IO_TIMING_NEAR_END_VMEAS     ; Half Vccio                             ; --            ; --          ; --         ;
; OUTPUT_IO_TIMING_NEAR_END_VMEAS     ; Half Vccio                             ; --            ; --          ; --         ;
; PARTITION_COLOR                     ; -- (Not supported for targeted family) ; --            ; temp_top    ; Top        ;
; PARTITION_FITTER_PRESERVATION_LEVEL ; -- (Not supported for targeted family) ; --            ; temp_top    ; Top        ;
; PARTITION_NETLIST_TYPE              ; -- (Not supported for targeted family) ; --            ; temp_top    ; Top        ;
; POWER_BOARD_THERMAL_MODEL           ; None (CONSERVATIVE)                    ; --            ; --          ; --         ;
; POWER_PRESET_COOLING_SOLUTION       ; 23 MM HEAT SINK WITH 200 LFPM AIRFLOW  ; --            ; --          ; --         ;
; PROJECT_OUTPUT_DIRECTORY            ; output_files                           ; --            ; --          ; --         ;
; TOP_LEVEL_ENTITY                    ; temp_top                               ; temprature    ; --          ; --         ;
+-------------------------------------+----------------------------------------+---------------+-------------+------------+


+--------------------------------------------------------------------------------------------------------------------------+
; Flow Elapsed Time                                                                                                        ;
+----------------------+--------------+-------------------------+---------------------+------------------------------------+
; Module Name          ; Elapsed Time ; Average Processors Used ; Peak Virtual Memory ; Total CPU Time (on all processors) ;
+----------------------+--------------+-------------------------+---------------------+------------------------------------+
; Analysis & Synthesis ; 00:00:16     ; 1.0                     ; 4779 MB             ; 00:00:27                           ;
; Fitter               ; 00:00:10     ; 1.0                     ; 5515 MB             ; 00:00:08                           ;
; Assembler            ; 00:00:01     ; 1.0                     ; 4668 MB             ; 00:00:01                           ;
; Timing Analyzer      ; 00:00:02     ; 1.1                     ; 4753 MB             ; 00:00:02                           ;
; Analysis & Synthesis ; 00:00:10     ; 1.0                     ; 4696 MB             ; 00:00:21                           ;
; Analysis & Synthesis ; 00:00:10     ; 1.0                     ; 4708 MB             ; 00:00:22                           ;
; Analysis & Synthesis ; 00:00:19     ; 1.0                     ; 4779 MB             ; 00:00:29                           ;
; Partition Merge      ; 00:00:02     ; 1.0                     ; 4689 MB             ; 00:00:01                           ;
; Fitter               ; 00:00:15     ; 1.1                     ; 5532 MB             ; 00:00:15                           ;
; Assembler            ; 00:00:01     ; 1.0                     ; 4670 MB             ; 00:00:01                           ;
; Timing Analyzer      ; 00:00:04     ; 1.1                     ; 4762 MB             ; 00:00:04                           ;
; Analysis & Synthesis ; 00:00:15     ; 1.0                     ; 4794 MB             ; 00:00:29                           ;
; Partition Merge      ; 00:00:00     ; 1.0                     ; 4687 MB             ; 00:00:01                           ;
; Fitter               ; 00:00:10     ; 1.1                     ; 5536 MB             ; 00:00:14                           ;
; Assembler            ; 00:00:01     ; 1.0                     ; 4672 MB             ; 00:00:01                           ;
; Timing Analyzer      ; 00:00:03     ; 1.1                     ; 4765 MB             ; 00:00:04                           ;
; Analysis & Synthesis ; 00:00:17     ; 1.0                     ; 4809 MB             ; 00:00:33                           ;
; Partition Merge      ; 00:00:00     ; 1.0                     ; 4687 MB             ; 00:00:01                           ;
; Fitter               ; 00:00:10     ; 1.1                     ; 5539 MB             ; 00:00:14                           ;
; Assembler            ; 00:00:01     ; 1.0                     ; 4672 MB             ; 00:00:01                           ;
; Timing Analyzer      ; 00:00:04     ; 1.0                     ; 4765 MB             ; 00:00:04                           ;
; Analysis & Synthesis ; 00:00:21     ; 1.0                     ; 4787 MB             ; 00:00:27                           ;
; Partition Merge      ; 00:00:02     ; 1.0                     ; 4687 MB             ; 00:00:01                           ;
; Fitter               ; 00:00:16     ; 1.1                     ; 5531 MB             ; 00:00:14                           ;
; Assembler            ; 00:00:02     ; 1.0                     ; 4672 MB             ; 00:00:01                           ;
; Timing Analyzer      ; 00:00:04     ; 1.1                     ; 4764 MB             ; 00:00:03                           ;
; Total                ; 00:03:16     ; --                      ; --                  ; 00:04:39                           ;
+----------------------+--------------+-------------------------+---------------------+------------------------------------+


+------------------------------------------------------------------------------------+
; Flow OS Summary                                                                    ;
+----------------------+------------------+------------+------------+----------------+
; Module Name          ; Machine Hostname ; OS Name    ; OS Version ; Processor type ;
+----------------------+------------------+------------+------------+----------------+
; Analysis & Synthesis ; DESKTOP-A8ER1SH  ; Windows 10 ; 10.0       ; x86_64         ;
; Fitter               ; DESKTOP-A8ER1SH  ; Windows 10 ; 10.0       ; x86_64         ;
; Assembler            ; DESKTOP-A8ER1SH  ; Windows 10 ; 10.0       ; x86_64         ;
; Timing Analyzer      ; DESKTOP-A8ER1SH  ; Windows 10 ; 10.0       ; x86_64         ;
; Analysis & Synthesis ; DESKTOP-A8ER1SH  ; Windows 10 ; 10.0       ; x86_64         ;
; Analysis & Synthesis ; DESKTOP-A8ER1SH  ; Windows 10 ; 10.0       ; x86_64         ;
; Analysis & Synthesis ; DESKTOP-A8ER1SH  ; Windows 10 ; 10.0       ; x86_64         ;
; Partition Merge      ; DESKTOP-A8ER1SH  ; Windows 10 ; 10.0       ; x86_64         ;
; Fitter               ; DESKTOP-A8ER1SH  ; Windows 10 ; 10.0       ; x86_64         ;
; Assembler            ; DESKTOP-A8ER1SH  ; Windows 10 ; 10.0       ; x86_64         ;
; Timing Analyzer      ; DESKTOP-A8ER1SH  ; Windows 10 ; 10.0       ; x86_64         ;
; Analysis & Synthesis ; DESKTOP-A8ER1SH  ; Windows 10 ; 10.0       ; x86_64         ;
; Partition Merge      ; DESKTOP-A8ER1SH  ; Windows 10 ; 10.0       ; x86_64         ;
; Fitter               ; DESKTOP-A8ER1SH  ; Windows 10 ; 10.0       ; x86_64         ;
; Assembler            ; DESKTOP-A8ER1SH  ; Windows 10 ; 10.0       ; x86_64         ;
; Timing Analyzer      ; DESKTOP-A8ER1SH  ; Windows 10 ; 10.0       ; x86_64         ;
; Analysis & Synthesis ; DESKTOP-A8ER1SH  ; Windows 10 ; 10.0       ; x86_64         ;
; Partition Merge      ; DESKTOP-A8ER1SH  ; Windows 10 ; 10.0       ; x86_64         ;
; Fitter               ; DESKTOP-A8ER1SH  ; Windows 10 ; 10.0       ; x86_64         ;
; Assembler            ; DESKTOP-A8ER1SH  ; Windows 10 ; 10.0       ; x86_64         ;
; Timing Analyzer      ; DESKTOP-A8ER1SH  ; Windows 10 ; 10.0       ; x86_64         ;
; Analysis & Synthesis ; DESKTOP-A8ER1SH  ; Windows 10 ; 10.0       ; x86_64         ;
; Partition Merge      ; DESKTOP-A8ER1SH  ; Windows 10 ; 10.0       ; x86_64         ;
; Fitter               ; DESKTOP-A8ER1SH  ; Windows 10 ; 10.0       ; x86_64         ;
; Assembler            ; DESKTOP-A8ER1SH  ; Windows 10 ; 10.0       ; x86_64         ;
; Timing Analyzer      ; DESKTOP-A8ER1SH  ; Windows 10 ; 10.0       ; x86_64         ;
+----------------------+------------------+------------+------------+----------------+


------------
; Flow Log ;
------------
quartus_map --read_settings_files=on --write_settings_files=off temprature -c temprature
quartus_fit --read_settings_files=off --write_settings_files=off temprature -c temprature
quartus_asm --read_settings_files=off --write_settings_files=off temprature -c temprature
quartus_sta temprature -c temprature
quartus_map --read_settings_files=on --write_settings_files=off temprature -c temprature
quartus_map --read_settings_files=on --write_settings_files=off temprature -c temprature
quartus_map --read_settings_files=on --write_settings_files=off temprature -c temprature
quartus_cdb --read_settings_files=off --write_settings_files=off temprature -c temprature --merge=on
quartus_fit --read_settings_files=off --write_settings_files=off temprature -c temprature
quartus_asm --read_settings_files=off --write_settings_files=off temprature -c temprature
quartus_sta temprature -c temprature
quartus_map --read_settings_files=on --write_settings_files=off temprature -c temprature
quartus_cdb --read_settings_files=off --write_settings_files=off temprature -c temprature --merge=on
quartus_fit --read_settings_files=off --write_settings_files=off temprature -c temprature
quartus_asm --read_settings_files=off --write_settings_files=off temprature -c temprature
quartus_sta temprature -c temprature
quartus_map --read_settings_files=on --write_settings_files=off temprature -c temprature
quartus_cdb --read_settings_files=off --write_settings_files=off temprature -c temprature --merge=on
quartus_fit --read_settings_files=off --write_settings_files=off temprature -c temprature
quartus_asm --read_settings_files=off --write_settings_files=off temprature -c temprature
quartus_sta temprature -c temprature
quartus_map --read_settings_files=on --write_settings_files=off temprature -c temprature
quartus_cdb --read_settings_files=off --write_settings_files=off temprature -c temprature --merge=on
quartus_fit --read_settings_files=off --write_settings_files=off temprature -c temprature
quartus_asm --read_settings_files=off --write_settings_files=off temprature -c temprature
quartus_sta temprature -c temprature



